Start testing: Apr 10 10:39 W. Europe Daylight Time
----------------------------------------------------------
1/24 Testing: smoke
1/24 Test: smoke
Command: "C:/Users/Gilles Colling/Documents/dev/tdc/build/Debug/tdc_smoke.exe"
Directory: C:/Users/Gilles Colling/documents/dev/tdc/build
"smoke" start time: Apr 10 10:39 W. Europe Daylight Time
Output:
----------------------------------------------------------
<end of output>
Test time =   0.01 sec
----------------------------------------------------------
Test Passed.
"smoke" end time: Apr 10 10:39 W. Europe Daylight Time
"smoke" time elapsed: 00:00:00
----------------------------------------------------------

2/24 Testing: lz2_roundtrip
2/24 Test: lz2_roundtrip
Command: "C:/Users/Gilles Colling/Documents/dev/tdc/build/Debug/test_lz2_roundtrip.exe"
Directory: C:/Users/Gilles Colling/documents/dev/tdc/build
"lz2_roundtrip" start time: Apr 10 10:39 W. Europe Daylight Time
Output:
----------------------------------------------------------
test_lz2_roundtrip:
  [mixed 1MB] 1048576 bytes -> 526373 bytes (50.2%)
  [match-heavy] 524288 bytes -> 31 bytes (0.0%)
  [literal-heavy] 524288 bytes -> 524296 bytes (100.0%)
  [empty] 0 bytes -> 8 bytes (0.0%)
  [1 byte] 1 bytes -> 9 bytes (900.0%)
  [3 bytes] 3 bytes -> 11 bytes (366.7%)
  [periodic 64B] 64 bytes -> 29 bytes (45.3%)
test_lz2_roundtrip: OK
<end of output>
Test time =   0.02 sec
----------------------------------------------------------
Test Passed.
"lz2_roundtrip" end time: Apr 10 10:39 W. Europe Daylight Time
"lz2_roundtrip" time elapsed: 00:00:00
----------------------------------------------------------

3/24 Testing: huffman_roundtrip
3/24 Test: huffman_roundtrip
Command: "C:/Users/Gilles Colling/Documents/dev/tdc/build/Debug/test_huffman_roundtrip.exe"
Directory: C:/Users/Gilles Colling/documents/dev/tdc/build
"huffman_roundtrip" start time: Apr 10 10:39 W. Europe Daylight Time
Output:
----------------------------------------------------------
test_huffman_roundtrip:
  [empty] 0 -> 264 (0.0%)
  [1 byte] 1 -> 265 (26500.0%)
  [1-sym x1000] 1000 -> 389 (38.9%)
  [uniform 64KB] 65536 -> 65800 (100.4%)
  [skewed 64KB] 65536 -> 16520 (25.2%)
test_huffman_roundtrip: OK
<end of output>
Test time =   0.01 sec
----------------------------------------------------------
Test Passed.
"huffman_roundtrip" end time: Apr 10 10:39 W. Europe Daylight Time
"huffman_roundtrip" time elapsed: 00:00:00
----------------------------------------------------------

4/24 Testing: fse_roundtrip
4/24 Test: fse_roundtrip
Command: "C:/Users/Gilles Colling/Documents/dev/tdc/build/Debug/test_fse_roundtrip.exe"
Directory: C:/Users/Gilles Colling/documents/dev/tdc/build
"fse_roundtrip" start time: Apr 10 10:39 W. Europe Daylight Time
Output:
----------------------------------------------------------
test_fse_roundtrip:
  [empty] 0 -> 524 (0.0%)
  [1 byte] 1 -> 524 (52400.0%)
  [1-sym x1000] 1000 -> 524 (52.4%)
  [uniform 64KB] 65536 -> 66251 (101.1%)
  [skewed 64KB] 65536 -> 16780 (25.6%)
test_fse_roundtrip: OK
<end of output>
Test time =   0.01 sec
----------------------------------------------------------
Test Passed.
"fse_roundtrip" end time: Apr 10 10:39 W. Europe Daylight Time
"fse_roundtrip" time elapsed: 00:00:00
----------------------------------------------------------

5/24 Testing: byte_shuffle_roundtrip
5/24 Test: byte_shuffle_roundtrip
Command: "C:/Users/Gilles Colling/Documents/dev/tdc/build/Debug/test_byte_shuffle_roundtrip.exe"
Directory: C:/Users/Gilles Colling/documents/dev/tdc/build
"byte_shuffle_roundtrip" start time: Apr 10 10:39 W. Europe Daylight Time
Output:
----------------------------------------------------------
test_byte_shuffle_roundtrip:
  [spot-check] f64 layout verified (4 elems, 8-byte lanes)
  [f64 1024 elems] 8192 bytes round-trip OK
  [f64 16 elems] 128 bytes round-trip OK
  [f64 17 elems] 136 bytes round-trip OK
  [f32 1024 elems] 4096 bytes round-trip OK
  [i16 512 elems] 1024 bytes round-trip OK
  [u8 256 elems] 256 bytes round-trip OK
  [empty f64] 0 bytes round-trip OK
  [single f64] 8 bytes round-trip OK
  [reject misaligned] OK
  [reject string dtype] OK
  [encode reject misaligned] OK
test_byte_shuffle_roundtrip: OK
<end of output>
Test time =   0.01 sec
----------------------------------------------------------
Test Passed.
"byte_shuffle_roundtrip" end time: Apr 10 10:39 W. Europe Daylight Time
"byte_shuffle_roundtrip" time elapsed: 00:00:00
----------------------------------------------------------

6/24 Testing: quantize_roundtrip
6/24 Test: quantize_roundtrip
Command: "C:/Users/Gilles Colling/Documents/dev/tdc/build/Debug/test_quantize_roundtrip.exe"
Directory: C:/Users/Gilles Colling/documents/dev/tdc/build
"quantize_roundtrip" start time: Apr 10 10:39 W. Europe Daylight Time
Output:
----------------------------------------------------------
test_quantize_roundtrip:
  [f64->i16 1024 elems] max_err=0.000500 OK
  [f64->i8 clamp] OK
  [f32->i32 256 elems] max_err=0.000000 OK
  [NaN sentinel] OK
  [empty] OK
  [rejections] OK
test_quantize_roundtrip: OK
<end of output>
Test time =   0.01 sec
----------------------------------------------------------
Test Passed.
"quantize_roundtrip" end time: Apr 10 10:39 W. Europe Daylight Time
"quantize_roundtrip" time elapsed: 00:00:00
----------------------------------------------------------

7/24 Testing: zigzag_roundtrip
7/24 Test: zigzag_roundtrip
Command: "C:/Users/Gilles Colling/Documents/dev/tdc/build/Debug/test_zigzag_roundtrip.exe"
Directory: C:/Users/Gilles Colling/documents/dev/tdc/build
"zigzag_roundtrip" start time: Apr 10 10:39 W. Europe Daylight Time
Output:
----------------------------------------------------------
test_zigzag_roundtrip:
  [spot-check 0,-1,1,-2,2 across i8/i16/i32/i64] OK
  [i8 sweep 256 elems] 256 bytes round-trip OK
  [i16 edges 8 elems] 16 bytes round-trip OK
  [i32 sweep 1024 elems] 4096 bytes round-trip OK
  [i64 edges 6 elems] 48 bytes round-trip OK
  [empty] OK
  [rejections] OK
  [registry wiring] OK
test_zigzag_roundtrip: OK
<end of output>
Test time =   0.01 sec
----------------------------------------------------------
Test Passed.
"zigzag_roundtrip" end time: Apr 10 10:39 W. Europe Daylight Time
"zigzag_roundtrip" time elapsed: 00:00:00
----------------------------------------------------------

8/24 Testing: delta1d_roundtrip
8/24 Test: delta1d_roundtrip
Command: "C:/Users/Gilles Colling/Documents/dev/tdc/build/Debug/test_delta1d_roundtrip.exe"
Directory: C:/Users/Gilles Colling/documents/dev/tdc/build
"delta1d_roundtrip" start time: Apr 10 10:39 W. Europe Daylight Time
Output:
----------------------------------------------------------
test_delta1d_roundtrip
  [i8 edges] n=8 bytes=8 round-trip OK
  [i16 edges] n=10 bytes=20 round-trip OK
  [i32 edges] n=12 bytes=48 round-trip OK
  [i64 edges] n=12 bytes=96 round-trip OK
  [u8 edges] n=8 bytes=8 round-trip OK
  [u16 edges] n=8 bytes=16 round-trip OK
  [u32 edges] n=8 bytes=32 round-trip OK
  [u64 edges] n=8 bytes=64 round-trip OK
  [monotonic i64] residuals match expected gaps OK
  [f32 mixed] n=12 bytes=48 round-trip OK
  [f64 mixed] n=12 bytes=96 round-trip OK
  [f16 mixed] n=10 bytes=20 round-trip OK
  [f32 smooth ramp] n=256 bytes=1024 round-trip OK
  [empty] OK
  [rejections] OK
  [registry wiring] OK
ALL OK
<end of output>
Test time =   0.01 sec
----------------------------------------------------------
Test Passed.
"delta1d_roundtrip" end time: Apr 10 10:39 W. Europe Daylight Time
"delta1d_roundtrip" time elapsed: 00:00:00
----------------------------------------------------------

9/24 Testing: raw_roundtrip
9/24 Test: raw_roundtrip
Command: "C:/Users/Gilles Colling/Documents/dev/tdc/build/Debug/test_raw_roundtrip.exe"
Directory: C:/Users/Gilles Colling/documents/dev/tdc/build
"raw_roundtrip" start time: Apr 10 10:39 W. Europe Daylight Time
Output:
----------------------------------------------------------
test_raw_roundtrip
  [i8 vec1d] bytes=8 round-trip OK
  [i16 vec1d] bytes=8 round-trip OK
  [i32 vec1d] bytes=16 round-trip OK
  [i64 vec1d] bytes=32 round-trip OK
  [u8 vec1d] bytes=8 round-trip OK
  [u16 vec1d] bytes=8 round-trip OK
  [u32 vec1d] bytes=16 round-trip OK
  [u64 vec1d] bytes=32 round-trip OK
  [f32 vec1d] bytes=16 round-trip OK
  [f64 vec1d] bytes=32 round-trip OK
  [i32 raster2d 3x4] bytes=48 round-trip OK
  [u16 stack2d 2x3x5] bytes=60 round-trip OK
  [f64 volume3d 2x2x2] bytes=64 round-trip OK
  [empty] OK
  [rejections] OK
  [registry wiring] OK
ALL OK
<end of output>
Test time =   0.01 sec
----------------------------------------------------------
Test Passed.
"raw_roundtrip" end time: Apr 10 10:39 W. Europe Daylight Time
"raw_roundtrip" time elapsed: 00:00:00
----------------------------------------------------------

10/24 Testing: pred2d_roundtrip
10/24 Test: pred2d_roundtrip
Command: "C:/Users/Gilles Colling/Documents/dev/tdc/build/Debug/test_pred2d_roundtrip.exe"
Directory: C:/Users/Gilles Colling/documents/dev/tdc/build
"pred2d_roundtrip" start time: Apr 10 10:39 W. Europe Daylight Time
Output:
----------------------------------------------------------
test_pred2d_roundtrip
  [i8 4x5 kind=1] 4x5 bytes=20 round-trip OK
  [i16 4x5 kind=1] 4x5 bytes=40 round-trip OK
  [i32 4x5 kind=1] 4x5 bytes=80 round-trip OK
  [u8 4x5 kind=1] 4x5 bytes=20 round-trip OK
  [u16 4x5 kind=1] 4x5 bytes=40 round-trip OK
  [u32 4x5 kind=1] 4x5 bytes=80 round-trip OK
  [i8 4x5 kind=2] 4x5 bytes=20 round-trip OK
  [i16 4x5 kind=2] 4x5 bytes=40 round-trip OK
  [i32 4x5 kind=2] 4x5 bytes=80 round-trip OK
  [u8 4x5 kind=2] 4x5 bytes=20 round-trip OK
  [u16 4x5 kind=2] 4x5 bytes=40 round-trip OK
  [u32 4x5 kind=2] 4x5 bytes=80 round-trip OK
  [i8 4x5 kind=3] 4x5 bytes=20 round-trip OK
  [i16 4x5 kind=3] 4x5 bytes=40 round-trip OK
  [i32 4x5 kind=3] 4x5 bytes=80 round-trip OK
  [u8 4x5 kind=3] 4x5 bytes=20 round-trip OK
  [u16 4x5 kind=3] 4x5 bytes=40 round-trip OK
  [u32 4x5 kind=3] 4x5 bytes=80 round-trip OK
  [i8 4x5 kind=4] 4x5 bytes=20 round-trip OK
  [i16 4x5 kind=4] 4x5 bytes=40 round-trip OK
  [i32 4x5 kind=4] 4x5 bytes=80 round-trip OK
  [u8 4x5 kind=4] 4x5 bytes=20 round-trip OK
  [u16 4x5 kind=4] 4x5 bytes=40 round-trip OK
  [u32 4x5 kind=4] 4x5 bytes=80 round-trip OK
  [i16 edges 2x4 kind=1] 2x4 bytes=16 round-trip OK
  [i16 edges 2x4 kind=2] 2x4 bytes=16 round-trip OK
  [i16 edges 2x4 kind=3] 2x4 bytes=16 round-trip OK
  [i16 edges 2x4 kind=4] 2x4 bytes=16 round-trip OK
  [u8 edges 2x4 kind=1] 2x4 bytes=8 round-trip OK
  [u8 edges 2x4 kind=2] 2x4 bytes=8 round-trip OK
  [u8 edges 2x4 kind=3] 2x4 bytes=8 round-trip OK
  [u8 edges 2x4 kind=4] 2x4 bytes=8 round-trip OK
  [auto argmin kind=4] 5x8 bytes=160 round-trip OK
  [auto argmin] resolved to kind=4 (best_sum=145) as expected
  [f32 4x5 kind=1] 4x5 bytes=80 round-trip OK
  [f32 4x5 kind=2] 4x5 bytes=80 round-trip OK
  [f32 4x5 kind=3] 4x5 bytes=80 round-trip OK
  [f32 4x5 kind=4] 4x5 bytes=80 round-trip OK
  [f32 4x5 auto kind=4] 4x5 bytes=80 round-trip OK
  [f64 4x5 kind=1] 4x5 bytes=160 round-trip OK
  [f64 4x5 kind=2] 4x5 bytes=160 round-trip OK
  [f64 4x5 kind=3] 4x5 bytes=160 round-trip OK
  [f64 4x5 kind=4] 4x5 bytes=160 round-trip OK
  [f64 4x5 auto kind=1] 4x5 bytes=160 round-trip OK
  [f16 4x5 kind=1] 4x5 bytes=40 round-trip OK
  [f16 4x5 kind=2] 4x5 bytes=40 round-trip OK
  [f16 4x5 kind=3] 4x5 bytes=40 round-trip OK
  [f16 4x5 kind=4] 4x5 bytes=40 round-trip OK
  [f16 4x5 auto kind=3] 4x5 bytes=40 round-trip OK
  [f32 16x16 gradient kind=4] 16x16 bytes=1024 round-trip OK
  [empty] OK
  [rejections] OK
  [registry wiring] OK
ALL OK
<end of output>
Test time =   0.01 sec
----------------------------------------------------------
Test Passed.
"pred2d_roundtrip" end time: Apr 10 10:39 W. Europe Daylight Time
"pred2d_roundtrip" time elapsed: 00:00:00
----------------------------------------------------------

11/24 Testing: pred3d_roundtrip
11/24 Test: pred3d_roundtrip
Command: "C:/Users/Gilles Colling/Documents/dev/tdc/build/Debug/test_pred3d_roundtrip.exe"
Directory: C:/Users/Gilles Colling/documents/dev/tdc/build
"pred3d_roundtrip" start time: Apr 10 10:39 W. Europe Daylight Time
Output:
----------------------------------------------------------
test_pred3d_roundtrip
  [i8  3x4x5 kind=1] 3x4x5 bytes=60 round-trip OK
  [i16 3x4x5 kind=1] 3x4x5 bytes=120 round-trip OK
  [i32 3x4x5 kind=1] 3x4x5 bytes=240 round-trip OK
  [u8  3x4x5 kind=1] 3x4x5 bytes=60 round-trip OK
  [u16 3x4x5 kind=1] 3x4x5 bytes=120 round-trip OK
  [u32 3x4x5 kind=1] 3x4x5 bytes=240 round-trip OK
  [i8  3x4x5 kind=2] 3x4x5 bytes=60 round-trip OK
  [i16 3x4x5 kind=2] 3x4x5 bytes=120 round-trip OK
  [i32 3x4x5 kind=2] 3x4x5 bytes=240 round-trip OK
  [u8  3x4x5 kind=2] 3x4x5 bytes=60 round-trip OK
  [u16 3x4x5 kind=2] 3x4x5 bytes=120 round-trip OK
  [u32 3x4x5 kind=2] 3x4x5 bytes=240 round-trip OK
  [i8  3x4x5 kind=3] 3x4x5 bytes=60 round-trip OK
  [i16 3x4x5 kind=3] 3x4x5 bytes=120 round-trip OK
  [i32 3x4x5 kind=3] 3x4x5 bytes=240 round-trip OK
  [u8  3x4x5 kind=3] 3x4x5 bytes=60 round-trip OK
  [u16 3x4x5 kind=3] 3x4x5 bytes=120 round-trip OK
  [u32 3x4x5 kind=3] 3x4x5 bytes=240 round-trip OK
  [i8  3x4x5 kind=4] 3x4x5 bytes=60 round-trip OK
  [i16 3x4x5 kind=4] 3x4x5 bytes=120 round-trip OK
  [i32 3x4x5 kind=4] 3x4x5 bytes=240 round-trip OK
  [u8  3x4x5 kind=4] 3x4x5 bytes=60 round-trip OK
  [u16 3x4x5 kind=4] 3x4x5 bytes=120 round-trip OK
  [u32 3x4x5 kind=4] 3x4x5 bytes=240 round-trip OK
  [i8  3x4x5 kind=5] 3x4x5 bytes=60 round-trip OK
  [i16 3x4x5 kind=5] 3x4x5 bytes=120 round-trip OK
  [i32 3x4x5 kind=5] 3x4x5 bytes=240 round-trip OK
  [u8  3x4x5 kind=5] 3x4x5 bytes=60 round-trip OK
  [u16 3x4x5 kind=5] 3x4x5 bytes=120 round-trip OK
  [u32 3x4x5 kind=5] 3x4x5 bytes=240 round-trip OK
  [i8  3x4x5 kind=6] 3x4x5 bytes=60 round-trip OK
  [i16 3x4x5 kind=6] 3x4x5 bytes=120 round-trip OK
  [i32 3x4x5 kind=6] 3x4x5 bytes=240 round-trip OK
  [u8  3x4x5 kind=6] 3x4x5 bytes=60 round-trip OK
  [u16 3x4x5 kind=6] 3x4x5 bytes=120 round-trip OK
  [u32 3x4x5 kind=6] 3x4x5 bytes=240 round-trip OK
  [i16 edges 2x2x4 kind=1] 2x2x4 bytes=32 round-trip OK
  [i16 edges 2x2x4 kind=2] 2x2x4 bytes=32 round-trip OK
  [i16 edges 2x2x4 kind=3] 2x2x4 bytes=32 round-trip OK
  [i16 edges 2x2x4 kind=4] 2x2x4 bytes=32 round-trip OK
  [i16 edges 2x2x4 kind=5] 2x2x4 bytes=32 round-trip OK
  [i16 edges 2x2x4 kind=6] 2x2x4 bytes=32 round-trip OK
  [auto argmin kind=5] 3x3x4 bytes=144 round-trip OK
  [auto argmin] resolved to kind=5 (best_sum=45) as expected
  [f32 2x3x4 kind=1] 2x3x4 bytes=96 round-trip OK
  [f32 2x3x4 kind=2] 2x3x4 bytes=96 round-trip OK
  [f32 2x3x4 kind=3] 2x3x4 bytes=96 round-trip OK
  [f32 2x3x4 kind=4] 2x3x4 bytes=96 round-trip OK
  [f32 2x3x4 kind=5] 2x3x4 bytes=96 round-trip OK
  [f32 2x3x4 kind=6] 2x3x4 bytes=96 round-trip OK
  [f32 2x3x4 auto kind=4] 2x3x4 bytes=96 round-trip OK
  [f64 2x3x4 kind=1] 2x3x4 bytes=192 round-trip OK
  [f64 2x3x4 kind=2] 2x3x4 bytes=192 round-trip OK
  [f64 2x3x4 kind=3] 2x3x4 bytes=192 round-trip OK
  [f64 2x3x4 kind=4] 2x3x4 bytes=192 round-trip OK
  [f64 2x3x4 kind=5] 2x3x4 bytes=192 round-trip OK
  [f64 2x3x4 kind=6] 2x3x4 bytes=192 round-trip OK
  [f64 2x3x4 auto kind=3] 2x3x4 bytes=192 round-trip OK
  [f16 2x3x4 kind=1] 2x3x4 bytes=48 round-trip OK
  [f16 2x3x4 kind=2] 2x3x4 bytes=48 round-trip OK
  [f16 2x3x4 kind=3] 2x3x4 bytes=48 round-trip OK
  [f16 2x3x4 kind=4] 2x3x4 bytes=48 round-trip OK
  [f16 2x3x4 kind=5] 2x3x4 bytes=48 round-trip OK
  [f16 2x3x4 kind=6] 2x3x4 bytes=48 round-trip OK
  [f16 2x3x4 auto kind=4] 2x3x4 bytes=48 round-trip OK
  [f32 4x4x8 gradient kind=5] 4x4x8 bytes=512 round-trip OK
  [empty] OK
  [rejections] OK
  [registry wiring] OK
ALL OK
<end of output>
Test time =   0.01 sec
----------------------------------------------------------
Test Passed.
"pred3d_roundtrip" end time: Apr 10 10:39 W. Europe Daylight Time
"pred3d_roundtrip" time elapsed: 00:00:00
----------------------------------------------------------

12/24 Testing: dict1d_roundtrip
12/24 Test: dict1d_roundtrip
Command: "C:/Users/Gilles Colling/Documents/dev/tdc/build/Debug/test_dict1d_roundtrip.exe"
Directory: C:/Users/Gilles Colling/documents/dev/tdc/build
"dict1d_roundtrip" start time: Apr 10 10:39 W. Europe Daylight Time
Output:
----------------------------------------------------------
test_dict1d_roundtrip
  [low cardinality] n=12 unique=4 side=47 residual=48 OK
  [all unique 600] n=600 unique=600 side=7812 residual=2400 OK
  [single row] n=1 unique=1 side=20 residual=4 OK
  [empty strings] n=5 unique=2 side=21 residual=20 OK
  [empty block] OK
  [rejections] OK
  [registry wiring] OK
ALL OK
<end of output>
Test time =   0.01 sec
----------------------------------------------------------
Test Passed.
"dict1d_roundtrip" end time: Apr 10 10:39 W. Europe Daylight Time
"dict1d_roundtrip" time elapsed: 00:00:00
----------------------------------------------------------

13/24 Testing: lane_roundtrip
13/24 Test: lane_roundtrip
Command: "C:/Users/Gilles Colling/Documents/dev/tdc/build/Debug/test_lane_roundtrip.exe"
Directory: C:/Users/Gilles Colling/documents/dev/tdc/build
"lane_roundtrip" start time: Apr 10 10:39 W. Europe Daylight Time
Output:
----------------------------------------------------------
test_lane_roundtrip
  [explicit huffman 4 lanes] src=1024 enc=1049 round-trip OK
  [explicit fse 4 lanes] src=1024 enc=1049 round-trip OK
  [explicit none 2 lanes] src=512 enc=527 round-trip OK
  [auto peaked 4 lanes] src=2048 enc=1365 round-trip OK
  [auto random 4 lanes] src=2048 enc=2073 round-trip OK
  [mixed 4 lanes auto] src=2048 enc=1719 round-trip OK
  [single lane] src=256 enc=266 round-trip OK
  [8 lanes auto] src=1024 enc=1069 round-trip OK
  [rejections] OK
  [registry wiring] OK
ALL OK
<end of output>
Test time =   0.01 sec
----------------------------------------------------------
Test Passed.
"lane_roundtrip" end time: Apr 10 10:39 W. Europe Daylight Time
"lane_roundtrip" time elapsed: 00:00:00
----------------------------------------------------------

14/24 Testing: pipeline_roundtrip
14/24 Test: pipeline_roundtrip
Command: "C:/Users/Gilles Colling/Documents/dev/tdc/build/Debug/test_pipeline_roundtrip.exe"
Directory: C:/Users/Gilles Colling/documents/dev/tdc/build
"pipeline_roundtrip" start time: Apr 10 10:39 W. Europe Daylight Time
Output:
----------------------------------------------------------
tdc_encode_block / tdc_decode_block round-trips:
  RAW + NONE | vec1d i32 n=16                                  OK  enc=144 bytes
  RAW + LZ2  | vec1d f64 n=256                                 OK  enc=1186 bytes
  RAW + LZ2  | vol3d u8 4x4x4                                  OK  enc=156 bytes
  RAW + LZ2  | vec1d i16 n=0 (empty)                           OK  enc=92 bytes
  DELTA1D + LZ2 | vec1d i32 n=4096 ramp                        OK  enc=103 bytes
  DELTA1D + ZIGZAG + BYTE_SHUFFLE + LZ2 | vec1d i16 n=1024     OK  enc=105 bytes
  PRED2D(PAETH) + BYTE_SHUFFLE + LZ2 | rast2d u16 64x64        OK  enc=118 bytes
  PRED2D(AUTO) + LZ2 | rast2d i16 32x32 neg-grad               OK  enc=114 bytes
  PLANE2D + BYTE_SHUFFLE + LZ2 | rast2d u16 96x64 (split planes, ts=32) OK  enc=130 bytes
  PLANE2D + LZ2 | rast2d i32 50x37 (unaligned, ts=16)          OK  enc=144 bytes
  RAW + QUANTIZE(i16) + LZ2 | vec1d f32 n=256 (TLV)            OK
  RAW + LZ2 | vec1d i32 n=64 + validity bitmap                 OK
  DICT_1D + BYTE_SHUFFLE + LZ2 | vec1d string n=16             OK  enc=158 bytes
entropy chain cases:
  DELTA1D + ZZ + BSHUF + HUFFMAN | vec1d i16 n=2048            OK  enc=1652 bytes
  DELTA1D + ZZ + BSHUF + FSE | vec1d i32 n=2048                OK  enc=2512 bytes
  PRED2D + BSHUF + LZ2 + HUFFMAN | rast2d u16 128x96           OK  enc=788 bytes
  RAW + FSE + LZ2 | vec1d u8 n=1024                            OK  enc=174 bytes
  DELTA1D + ZZ + BSHUF + LZ2 + FSE + HUFFMAN | vec1d i32 n=4096 OK  enc=434 bytes
float + lane entropy pipeline cases:
  PRED2D(PAETH) + BSHUF + LANE | rast2d f32 32x32              OK  enc=1764 bytes
  DELTA1D + BSHUF + LANE | vec1d f16 n=512                     OK  enc=755 bytes
  PRED3D(GRAD3D) + BSHUF + LANE | vol3d f64 4x8x8              OK  enc=2178 bytes
rejection tests:
  decode rejects dtype mismatch                              OK
  decode rejects truncated src                               OK
  encode rejects unregistered model                          OK
test_pipeline_roundtrip: OK
<end of output>
Test time =   0.01 sec
----------------------------------------------------------
Test Passed.
"pipeline_roundtrip" end time: Apr 10 10:39 W. Europe Daylight Time
"pipeline_roundtrip" time elapsed: 00:00:00
----------------------------------------------------------

15/24 Testing: format_validate
15/24 Test: format_validate
Command: "C:/Users/Gilles Colling/Documents/dev/tdc/build/Debug/test_format_validate.exe"
Directory: C:/Users/Gilles Colling/documents/dev/tdc/build
"format_validate" start time: Apr 10 10:39 W. Europe Daylight Time
Output:
----------------------------------------------------------
test_format_validate: ok
<end of output>
Test time =   0.01 sec
----------------------------------------------------------
Test Passed.
"format_validate" end time: Apr 10 10:39 W. Europe Daylight Time
"format_validate" time elapsed: 00:00:00
----------------------------------------------------------

16/24 Testing: stack2d_roundtrip
16/24 Test: stack2d_roundtrip
Command: "C:/Users/Gilles Colling/Documents/dev/tdc/build/Debug/test_stack2d_roundtrip.exe"
Directory: C:/Users/Gilles Colling/documents/dev/tdc/build
"stack2d_roundtrip" start time: Apr 10 10:39 W. Europe Daylight Time
Output:
----------------------------------------------------------
test_stack2d_roundtrip
  [i32 3x4x5 kind=1 inter=0] 3x4x5 round-trip OK
  [i32 3x4x5 kind=2 inter=0] 3x4x5 round-trip OK
  [i32 3x4x5 kind=3 inter=0] 3x4x5 round-trip OK
  [i32 3x4x5 kind=4 inter=0] 3x4x5 round-trip OK
  [i32 inter-slice kind=1 inter=1] 3x4x5 round-trip OK
  [i32 inter-slice kind=2 inter=1] 3x4x5 round-trip OK
  [i32 inter-slice kind=3 inter=1] 3x4x5 round-trip OK
  [i32 inter-slice kind=4 inter=1] 3x4x5 round-trip OK
  [u8 3x4x5 kind=1 inter=0] 3x4x5 round-trip OK
  [f32 3x4x5 kind=4 inter=0] 3x4x5 round-trip OK
  [auto no-delta kind=4 inter=0] 3x4x5 round-trip OK
  [auto inter-slice kind=4 inter=1] 3x4x5 round-trip OK
  [empty] OK
  [rejections] OK
  [1x4x5 kind=4 inter=0] 1x4x5 round-trip OK
  [registry wiring] OK
ALL OK
<end of output>
Test time =   0.01 sec
----------------------------------------------------------
Test Passed.
"stack2d_roundtrip" end time: Apr 10 10:39 W. Europe Daylight Time
"stack2d_roundtrip" time elapsed: 00:00:00
----------------------------------------------------------

17/24 Testing: bitshuffle_roundtrip
17/24 Test: bitshuffle_roundtrip
Command: "C:/Users/Gilles Colling/Documents/dev/tdc/build/Debug/test_bitshuffle_roundtrip.exe"
Directory: C:/Users/Gilles Colling/documents/dev/tdc/build
"bitshuffle_roundtrip" start time: Apr 10 10:39 W. Europe Daylight Time
Output:
----------------------------------------------------------
test_bitshuffle_roundtrip
  [i8] n=16 elem=1 enc=16 round-trip OK
  [i16] n=16 elem=2 enc=32 round-trip OK
  [i32] n=16 elem=4 enc=64 round-trip OK
  [i64] n=16 elem=8 enc=128 round-trip OK
  [u8] n=16 elem=1 enc=16 round-trip OK
  [u16] n=16 elem=2 enc=32 round-trip OK
  [u32] n=16 elem=4 enc=64 round-trip OK
  [u64] n=16 elem=8 enc=128 round-trip OK
  [f32] n=16 elem=4 enc=64 round-trip OK
  [f64] n=16 elem=8 enc=128 round-trip OK
  [i32 n=13] n=13 elem=4 enc=64 round-trip OK
  [i32 n=1] n=1 elem=4 enc=32 round-trip OK
  [u16 n=7] n=7 elem=2 enc=16 round-trip OK
  [empty] OK
  [u32 zeros n=32] n=32 elem=4 enc=128 round-trip OK
  [registry wiring] OK
ALL OK
<end of output>
Test time =   0.01 sec
----------------------------------------------------------
Test Passed.
"bitshuffle_roundtrip" end time: Apr 10 10:39 W. Europe Daylight Time
"bitshuffle_roundtrip" time elapsed: 00:00:00
----------------------------------------------------------

18/24 Testing: deflate_roundtrip
18/24 Test: deflate_roundtrip
Command: "C:/Users/Gilles Colling/Documents/dev/tdc/build/Debug/test_deflate_roundtrip.exe"
Directory: C:/Users/Gilles Colling/documents/dev/tdc/build
"deflate_roundtrip" start time: Apr 10 10:39 W. Europe Daylight Time
Output:
----------------------------------------------------------
test_deflate_roundtrip: SKIPPED (TDC_HAVE_ZLIB not enabled)
<end of output>
Test time =   0.01 sec
----------------------------------------------------------
Test Passed.
"deflate_roundtrip" end time: Apr 10 10:39 W. Europe Daylight Time
"deflate_roundtrip" time elapsed: 00:00:00
----------------------------------------------------------

19/24 Testing: stream_roundtrip
19/24 Test: stream_roundtrip
Command: "C:/Users/Gilles Colling/Documents/dev/tdc/build/Debug/test_stream_roundtrip.exe"
Directory: C:/Users/Gilles Colling/documents/dev/tdc/build
"stream_roundtrip" start time: Apr 10 10:39 W. Europe Daylight Time
Output:
----------------------------------------------------------
test_stream_roundtrip

  0 test(s) failed
<end of output>
Test time =   0.01 sec
----------------------------------------------------------
Test Passed.
"stream_roundtrip" end time: Apr 10 10:39 W. Europe Daylight Time
"stream_roundtrip" time elapsed: 00:00:00
----------------------------------------------------------

20/24 Testing: schema
20/24 Test: schema
Command: "C:/Users/Gilles Colling/Documents/dev/tdc/build/Debug/test_schema.exe"
Directory: C:/Users/Gilles Colling/documents/dev/tdc/build
"schema" start time: Apr 10 10:39 W. Europe Daylight Time
Output:
----------------------------------------------------------
test_schema: ok
<end of output>
Test time =   0.01 sec
----------------------------------------------------------
Test Passed.
"schema" end time: Apr 10 10:39 W. Europe Daylight Time
"schema" time elapsed: 00:00:00
----------------------------------------------------------

21/24 Testing: decode_ex
21/24 Test: decode_ex
Command: "C:/Users/Gilles Colling/Documents/dev/tdc/build/Debug/test_decode_ex.exe"
Directory: C:/Users/Gilles Colling/documents/dev/tdc/build
"decode_ex" start time: Apr 10 10:39 W. Europe Daylight Time
Output:
----------------------------------------------------------
test_decode_ex
  RAW passthrough (no entropy)                            OK  allocs=1 frees=1
  RAW + LZ2                                               OK  allocs=2 frees=2
  DELTA_1D + ZIGZAG + BSHUF + LZ2                         OK  allocs=2 frees=2
  empty block (n=0)                                       OK  allocs=1 frees=1
  f64 RAW + BSHUF + LZ2                                   OK  allocs=2 frees=2
  [rejections] OK
ALL OK
<end of output>
Test time =   0.01 sec
----------------------------------------------------------
Test Passed.
"decode_ex" end time: Apr 10 10:39 W. Europe Daylight Time
"decode_ex" time elapsed: 00:00:00
----------------------------------------------------------

22/24 Testing: rowgroup_index
22/24 Test: rowgroup_index
Command: "C:/Users/Gilles Colling/Documents/dev/tdc/build/Debug/test_rowgroup_index.exe"
Directory: C:/Users/Gilles Colling/documents/dev/tdc/build
"rowgroup_index" start time: Apr 10 10:39 W. Europe Daylight Time
Output:
----------------------------------------------------------
test_rowgroup_index:
  passed: test_roundtrip_3rg_4col
  passed: test_roundtrip_empty
  passed: test_roundtrip_1rg_1col
  passed: test_parse_truncated_header
  passed: test_parse_n_rowgroups_overflow
  passed: test_parse_truncated_columns
  passed: test_parse_zero_cols
  passed: test_parse_nonzero_reserved
  passed: test_null_args
<end of output>
Test time =   0.01 sec
----------------------------------------------------------
Test Passed.
"rowgroup_index" end time: Apr 10 10:39 W. Europe Daylight Time
"rowgroup_index" time elapsed: 00:00:00
----------------------------------------------------------

23/24 Testing: stats
23/24 Test: stats
Command: "C:/Users/Gilles Colling/Documents/dev/tdc/build/Debug/test_stats.exe"
Directory: C:/Users/Gilles Colling/documents/dev/tdc/build
"stats" start time: Apr 10 10:39 W. Europe Daylight Time
Output:
----------------------------------------------------------
test_stats: ok
<end of output>
Test time =   0.01 sec
----------------------------------------------------------
Test Passed.
"stats" end time: Apr 10 10:39 W. Europe Daylight Time
"stats" time elapsed: 00:00:00
----------------------------------------------------------

24/24 Testing: bench_smoke
24/24 Test: bench_smoke
Command: "C:/Users/Gilles Colling/Documents/dev/tdc/build/Debug/bench_throughput.exe" "--smoke"
Directory: C:/Users/Gilles Colling/documents/dev/tdc/build
"bench_smoke" start time: Apr 10 10:39 W. Europe Daylight Time
Output:
----------------------------------------------------------
tdc throughput bench --smoke (round-trip gate, tiny inputs)

pipeline                                                   block     raw MiB     enc MiB   ratio    enc MB/s    dec MB/s
--------------------------------------------------  ------------  ----------  ----------  ------  ----------  ----------
RAW + NONE                                          vec1d u8 16M        0.00        0.00    0.93x        57.8       171.3
RAW + LZ2                                           vec1d i32 4M (ramp)        0.00        0.00    0.92x        10.3       542.5
RAW + BSHUF + LZ2                                   vec1d i32 4M (ramp)        0.00        0.00    2.74x        10.4       406.9
DELTA1D + LZ2                                       vec1d i32 4M (ramp)        0.00        0.00    9.94x         9.9       514.0
DELTA1D+ZIGZAG+BSHUF+LZ2                            vec1d i16 8M (walk)        0.00        0.00    1.67x        10.6       257.0
DELTA1D+ZZ+BSHUF+HUFFMAN                            vec1d i16 8M (walk)        0.00        0.00    1.30x        38.4        88.0
DELTA1D+ZZ+BSHUF+FSE                                vec1d i16 8M (walk)        0.00        0.00    0.98x        52.8        87.2
DELTA1D+ZZ+BSHUF+LZ2+HUF                            vec1d i16 8M (walk)        0.00        0.00    1.49x         9.4       116.3
PRED2D(PAETH)+BSHUF+LZ2                             rast2d u16 2048x2048        0.00        0.00    1.10x         5.2        50.9
PLANE2D+BSHUF+LZ2                                   rast2d i32 1024x1024        0.00        0.00    4.15x        25.9       558.1
<end of output>
Test time =   0.01 sec
----------------------------------------------------------
Test Passed.
"bench_smoke" end time: Apr 10 10:39 W. Europe Daylight Time
"bench_smoke" time elapsed: 00:00:00
----------------------------------------------------------

End testing: Apr 10 10:39 W. Europe Daylight Time
