Start testing: Apr 09 10:38 W. Europe Daylight Time
----------------------------------------------------------
1/15 Testing: smoke
1/15 Test: smoke
Command: "C:/Users/Gilles Colling/Documents/dev/tdc/build_release/Release/tdc_smoke.exe"
Directory: C:/Users/Gilles Colling/documents/dev/tdc/build_release
"smoke" start time: Apr 09 10:38 W. Europe Daylight Time
Output:
----------------------------------------------------------
<end of output>
Test time =   0.01 sec
----------------------------------------------------------
Test Passed.
"smoke" end time: Apr 09 10:38 W. Europe Daylight Time
"smoke" time elapsed: 00:00:00
----------------------------------------------------------

2/15 Testing: lz2_roundtrip
2/15 Test: lz2_roundtrip
Command: "C:/Users/Gilles Colling/Documents/dev/tdc/build_release/Release/test_lz2_roundtrip.exe"
Directory: C:/Users/Gilles Colling/documents/dev/tdc/build_release
"lz2_roundtrip" start time: Apr 09 10:38 W. Europe Daylight Time
Output:
----------------------------------------------------------
test_lz2_roundtrip:
  [mixed 1MB] 1048576 bytes -> 526373 bytes (50.2%)
  [match-heavy] 524288 bytes -> 31 bytes (0.0%)
  [literal-heavy] 524288 bytes -> 524296 bytes (100.0%)
  [empty] 0 bytes -> 8 bytes (0.0%)
  [1 byte] 1 bytes -> 9 bytes (900.0%)
  [3 bytes] 3 bytes -> 11 bytes (366.7%)
  [periodic 64B] 64 bytes -> 29 bytes (45.3%)
test_lz2_roundtrip: OK
<end of output>
Test time =   0.01 sec
----------------------------------------------------------
Test Passed.
"lz2_roundtrip" end time: Apr 09 10:38 W. Europe Daylight Time
"lz2_roundtrip" time elapsed: 00:00:00
----------------------------------------------------------

3/15 Testing: huffman_roundtrip
3/15 Test: huffman_roundtrip
Command: "C:/Users/Gilles Colling/Documents/dev/tdc/build_release/Release/test_huffman_roundtrip.exe"
Directory: C:/Users/Gilles Colling/documents/dev/tdc/build_release
"huffman_roundtrip" start time: Apr 09 10:38 W. Europe Daylight Time
Output:
----------------------------------------------------------
test_huffman_roundtrip:
  [empty] 0 -> 264 (0.0%)
  [1 byte] 1 -> 265 (26500.0%)
  [1-sym x1000] 1000 -> 389 (38.9%)
  [uniform 64KB] 65536 -> 65800 (100.4%)
  [skewed 64KB] 65536 -> 16520 (25.2%)
test_huffman_roundtrip: OK
<end of output>
Test time =   0.01 sec
----------------------------------------------------------
Test Passed.
"huffman_roundtrip" end time: Apr 09 10:38 W. Europe Daylight Time
"huffman_roundtrip" time elapsed: 00:00:00
----------------------------------------------------------

4/15 Testing: fse_roundtrip
4/15 Test: fse_roundtrip
Command: "C:/Users/Gilles Colling/Documents/dev/tdc/build_release/Release/test_fse_roundtrip.exe"
Directory: C:/Users/Gilles Colling/documents/dev/tdc/build_release
"fse_roundtrip" start time: Apr 09 10:38 W. Europe Daylight Time
Output:
----------------------------------------------------------
test_fse_roundtrip:
  [empty] 0 -> 524 (0.0%)
  [1 byte] 1 -> 524 (52400.0%)
  [1-sym x1000] 1000 -> 524 (52.4%)
  [uniform 64KB] 65536 -> 66251 (101.1%)
  [skewed 64KB] 65536 -> 16780 (25.6%)
test_fse_roundtrip: OK
<end of output>
Test time =   0.01 sec
----------------------------------------------------------
Test Passed.
"fse_roundtrip" end time: Apr 09 10:38 W. Europe Daylight Time
"fse_roundtrip" time elapsed: 00:00:00
----------------------------------------------------------

5/15 Testing: byte_shuffle_roundtrip
5/15 Test: byte_shuffle_roundtrip
Command: "C:/Users/Gilles Colling/Documents/dev/tdc/build_release/Release/test_byte_shuffle_roundtrip.exe"
Directory: C:/Users/Gilles Colling/documents/dev/tdc/build_release
"byte_shuffle_roundtrip" start time: Apr 09 10:38 W. Europe Daylight Time
Output:
----------------------------------------------------------
test_byte_shuffle_roundtrip:
  [spot-check] f64 layout verified (4 elems, 8-byte lanes)
  [f64 1024 elems] 8192 bytes round-trip OK
  [f64 16 elems] 128 bytes round-trip OK
  [f64 17 elems] 136 bytes round-trip OK
  [f32 1024 elems] 4096 bytes round-trip OK
  [i16 512 elems] 1024 bytes round-trip OK
  [u8 256 elems] 256 bytes round-trip OK
  [empty f64] 0 bytes round-trip OK
  [single f64] 8 bytes round-trip OK
  [reject misaligned] OK
  [reject string dtype] OK
  [encode reject misaligned] OK
test_byte_shuffle_roundtrip: OK
<end of output>
Test time =   0.01 sec
----------------------------------------------------------
Test Passed.
"byte_shuffle_roundtrip" end time: Apr 09 10:38 W. Europe Daylight Time
"byte_shuffle_roundtrip" time elapsed: 00:00:00
----------------------------------------------------------

6/15 Testing: quantize_roundtrip
6/15 Test: quantize_roundtrip
Command: "C:/Users/Gilles Colling/Documents/dev/tdc/build_release/Release/test_quantize_roundtrip.exe"
Directory: C:/Users/Gilles Colling/documents/dev/tdc/build_release
"quantize_roundtrip" start time: Apr 09 10:38 W. Europe Daylight Time
Output:
----------------------------------------------------------
test_quantize_roundtrip:
  [f64->i16 1024 elems] max_err=0.000500 OK
  [f64->i8 clamp] OK
  [f32->i32 256 elems] max_err=0.000000 OK
  [NaN sentinel] OK
  [empty] OK
  [rejections] OK
test_quantize_roundtrip: OK
<end of output>
Test time =   0.01 sec
----------------------------------------------------------
Test Passed.
"quantize_roundtrip" end time: Apr 09 10:38 W. Europe Daylight Time
"quantize_roundtrip" time elapsed: 00:00:00
----------------------------------------------------------

7/15 Testing: zigzag_roundtrip
7/15 Test: zigzag_roundtrip
Command: "C:/Users/Gilles Colling/Documents/dev/tdc/build_release/Release/test_zigzag_roundtrip.exe"
Directory: C:/Users/Gilles Colling/documents/dev/tdc/build_release
"zigzag_roundtrip" start time: Apr 09 10:38 W. Europe Daylight Time
Output:
----------------------------------------------------------
test_zigzag_roundtrip:
  [spot-check 0,-1,1,-2,2 across i8/i16/i32/i64] OK
  [i8 sweep 256 elems] 256 bytes round-trip OK
  [i16 edges 8 elems] 16 bytes round-trip OK
  [i32 sweep 1024 elems] 4096 bytes round-trip OK
  [i64 edges 6 elems] 48 bytes round-trip OK
  [empty] OK
  [rejections] OK
  [registry wiring] OK
test_zigzag_roundtrip: OK
<end of output>
Test time =   0.01 sec
----------------------------------------------------------
Test Passed.
"zigzag_roundtrip" end time: Apr 09 10:38 W. Europe Daylight Time
"zigzag_roundtrip" time elapsed: 00:00:00
----------------------------------------------------------

8/15 Testing: delta1d_roundtrip
8/15 Test: delta1d_roundtrip
Command: "C:/Users/Gilles Colling/Documents/dev/tdc/build_release/Release/test_delta1d_roundtrip.exe"
Directory: C:/Users/Gilles Colling/documents/dev/tdc/build_release
"delta1d_roundtrip" start time: Apr 09 10:38 W. Europe Daylight Time
Output:
----------------------------------------------------------
test_delta1d_roundtrip
  [i8 edges] n=8 bytes=8 round-trip OK
  [i16 edges] n=10 bytes=20 round-trip OK
  [i32 edges] n=12 bytes=48 round-trip OK
  [i64 edges] n=12 bytes=96 round-trip OK
  [u8 edges] n=8 bytes=8 round-trip OK
  [u16 edges] n=8 bytes=16 round-trip OK
  [u32 edges] n=8 bytes=32 round-trip OK
  [u64 edges] n=8 bytes=64 round-trip OK
  [monotonic i64] residuals match expected gaps OK
  [empty] OK
  [rejections] OK
  [registry wiring] OK
ALL OK
<end of output>
Test time =   0.01 sec
----------------------------------------------------------
Test Passed.
"delta1d_roundtrip" end time: Apr 09 10:38 W. Europe Daylight Time
"delta1d_roundtrip" time elapsed: 00:00:00
----------------------------------------------------------

9/15 Testing: raw_roundtrip
9/15 Test: raw_roundtrip
Command: "C:/Users/Gilles Colling/Documents/dev/tdc/build_release/Release/test_raw_roundtrip.exe"
Directory: C:/Users/Gilles Colling/documents/dev/tdc/build_release
"raw_roundtrip" start time: Apr 09 10:38 W. Europe Daylight Time
Output:
----------------------------------------------------------
test_raw_roundtrip
  [i8 vec1d] bytes=8 round-trip OK
  [i16 vec1d] bytes=8 round-trip OK
  [i32 vec1d] bytes=16 round-trip OK
  [i64 vec1d] bytes=32 round-trip OK
  [u8 vec1d] bytes=8 round-trip OK
  [u16 vec1d] bytes=8 round-trip OK
  [u32 vec1d] bytes=16 round-trip OK
  [u64 vec1d] bytes=32 round-trip OK
  [f32 vec1d] bytes=16 round-trip OK
  [f64 vec1d] bytes=32 round-trip OK
  [i32 raster2d 3x4] bytes=48 round-trip OK
  [u16 stack2d 2x3x5] bytes=60 round-trip OK
  [f64 volume3d 2x2x2] bytes=64 round-trip OK
  [empty] OK
  [rejections] OK
  [registry wiring] OK
ALL OK
<end of output>
Test time =   0.01 sec
----------------------------------------------------------
Test Passed.
"raw_roundtrip" end time: Apr 09 10:38 W. Europe Daylight Time
"raw_roundtrip" time elapsed: 00:00:00
----------------------------------------------------------

10/15 Testing: pred2d_roundtrip
10/15 Test: pred2d_roundtrip
Command: "C:/Users/Gilles Colling/Documents/dev/tdc/build_release/Release/test_pred2d_roundtrip.exe"
Directory: C:/Users/Gilles Colling/documents/dev/tdc/build_release
"pred2d_roundtrip" start time: Apr 09 10:38 W. Europe Daylight Time
Output:
----------------------------------------------------------
test_pred2d_roundtrip
  [i8 4x5 kind=1] 4x5 bytes=20 round-trip OK
  [i16 4x5 kind=1] 4x5 bytes=40 round-trip OK
  [i32 4x5 kind=1] 4x5 bytes=80 round-trip OK
  [u8 4x5 kind=1] 4x5 bytes=20 round-trip OK
  [u16 4x5 kind=1] 4x5 bytes=40 round-trip OK
  [u32 4x5 kind=1] 4x5 bytes=80 round-trip OK
  [i8 4x5 kind=2] 4x5 bytes=20 round-trip OK
  [i16 4x5 kind=2] 4x5 bytes=40 round-trip OK
  [i32 4x5 kind=2] 4x5 bytes=80 round-trip OK
  [u8 4x5 kind=2] 4x5 bytes=20 round-trip OK
  [u16 4x5 kind=2] 4x5 bytes=40 round-trip OK
  [u32 4x5 kind=2] 4x5 bytes=80 round-trip OK
  [i8 4x5 kind=3] 4x5 bytes=20 round-trip OK
  [i16 4x5 kind=3] 4x5 bytes=40 round-trip OK
  [i32 4x5 kind=3] 4x5 bytes=80 round-trip OK
  [u8 4x5 kind=3] 4x5 bytes=20 round-trip OK
  [u16 4x5 kind=3] 4x5 bytes=40 round-trip OK
  [u32 4x5 kind=3] 4x5 bytes=80 round-trip OK
  [i8 4x5 kind=4] 4x5 bytes=20 round-trip OK
  [i16 4x5 kind=4] 4x5 bytes=40 round-trip OK
  [i32 4x5 kind=4] 4x5 bytes=80 round-trip OK
  [u8 4x5 kind=4] 4x5 bytes=20 round-trip OK
  [u16 4x5 kind=4] 4x5 bytes=40 round-trip OK
  [u32 4x5 kind=4] 4x5 bytes=80 round-trip OK
  [i16 edges 2x4 kind=1] 2x4 bytes=16 round-trip OK
  [i16 edges 2x4 kind=2] 2x4 bytes=16 round-trip OK
  [i16 edges 2x4 kind=3] 2x4 bytes=16 round-trip OK
  [i16 edges 2x4 kind=4] 2x4 bytes=16 round-trip OK
  [u8 edges 2x4 kind=1] 2x4 bytes=8 round-trip OK
  [u8 edges 2x4 kind=2] 2x4 bytes=8 round-trip OK
  [u8 edges 2x4 kind=3] 2x4 bytes=8 round-trip OK
  [u8 edges 2x4 kind=4] 2x4 bytes=8 round-trip OK
  [auto argmin kind=4] 5x8 bytes=160 round-trip OK
  [auto argmin] resolved to kind=4 (best_sum=145) as expected
  [empty] OK
  [rejections] OK
  [registry wiring] OK
ALL OK
<end of output>
Test time =   0.01 sec
----------------------------------------------------------
Test Passed.
"pred2d_roundtrip" end time: Apr 09 10:38 W. Europe Daylight Time
"pred2d_roundtrip" time elapsed: 00:00:00
----------------------------------------------------------

11/15 Testing: pred3d_roundtrip
11/15 Test: pred3d_roundtrip
Command: "C:/Users/Gilles Colling/Documents/dev/tdc/build_release/Release/test_pred3d_roundtrip.exe"
Directory: C:/Users/Gilles Colling/documents/dev/tdc/build_release
"pred3d_roundtrip" start time: Apr 09 10:38 W. Europe Daylight Time
Output:
----------------------------------------------------------
test_pred3d_roundtrip
  [i8  3x4x5 kind=1] 3x4x5 bytes=60 round-trip OK
  [i16 3x4x5 kind=1] 3x4x5 bytes=120 round-trip OK
  [i32 3x4x5 kind=1] 3x4x5 bytes=240 round-trip OK
  [u8  3x4x5 kind=1] 3x4x5 bytes=60 round-trip OK
  [u16 3x4x5 kind=1] 3x4x5 bytes=120 round-trip OK
  [u32 3x4x5 kind=1] 3x4x5 bytes=240 round-trip OK
  [i8  3x4x5 kind=2] 3x4x5 bytes=60 round-trip OK
  [i16 3x4x5 kind=2] 3x4x5 bytes=120 round-trip OK
  [i32 3x4x5 kind=2] 3x4x5 bytes=240 round-trip OK
  [u8  3x4x5 kind=2] 3x4x5 bytes=60 round-trip OK
  [u16 3x4x5 kind=2] 3x4x5 bytes=120 round-trip OK
  [u32 3x4x5 kind=2] 3x4x5 bytes=240 round-trip OK
  [i8  3x4x5 kind=3] 3x4x5 bytes=60 round-trip OK
  [i16 3x4x5 kind=3] 3x4x5 bytes=120 round-trip OK
  [i32 3x4x5 kind=3] 3x4x5 bytes=240 round-trip OK
  [u8  3x4x5 kind=3] 3x4x5 bytes=60 round-trip OK
  [u16 3x4x5 kind=3] 3x4x5 bytes=120 round-trip OK
  [u32 3x4x5 kind=3] 3x4x5 bytes=240 round-trip OK
  [i8  3x4x5 kind=4] 3x4x5 bytes=60 round-trip OK
  [i16 3x4x5 kind=4] 3x4x5 bytes=120 round-trip OK
  [i32 3x4x5 kind=4] 3x4x5 bytes=240 round-trip OK
  [u8  3x4x5 kind=4] 3x4x5 bytes=60 round-trip OK
  [u16 3x4x5 kind=4] 3x4x5 bytes=120 round-trip OK
  [u32 3x4x5 kind=4] 3x4x5 bytes=240 round-trip OK
  [i8  3x4x5 kind=5] 3x4x5 bytes=60 round-trip OK
  [i16 3x4x5 kind=5] 3x4x5 bytes=120 round-trip OK
  [i32 3x4x5 kind=5] 3x4x5 bytes=240 round-trip OK
  [u8  3x4x5 kind=5] 3x4x5 bytes=60 round-trip OK
  [u16 3x4x5 kind=5] 3x4x5 bytes=120 round-trip OK
  [u32 3x4x5 kind=5] 3x4x5 bytes=240 round-trip OK
  [i8  3x4x5 kind=6] 3x4x5 bytes=60 round-trip OK
  [i16 3x4x5 kind=6] 3x4x5 bytes=120 round-trip OK
  [i32 3x4x5 kind=6] 3x4x5 bytes=240 round-trip OK
  [u8  3x4x5 kind=6] 3x4x5 bytes=60 round-trip OK
  [u16 3x4x5 kind=6] 3x4x5 bytes=120 round-trip OK
  [u32 3x4x5 kind=6] 3x4x5 bytes=240 round-trip OK
  [i16 edges 2x2x4 kind=1] 2x2x4 bytes=32 round-trip OK
  [i16 edges 2x2x4 kind=2] 2x2x4 bytes=32 round-trip OK
  [i16 edges 2x2x4 kind=3] 2x2x4 bytes=32 round-trip OK
  [i16 edges 2x2x4 kind=4] 2x2x4 bytes=32 round-trip OK
  [i16 edges 2x2x4 kind=5] 2x2x4 bytes=32 round-trip OK
  [i16 edges 2x2x4 kind=6] 2x2x4 bytes=32 round-trip OK
  [auto argmin kind=5] 3x3x4 bytes=144 round-trip OK
  [auto argmin] resolved to kind=5 (best_sum=45) as expected
  [empty] OK
  [rejections] OK
  [registry wiring] OK
ALL OK
<end of output>
Test time =   0.01 sec
----------------------------------------------------------
Test Passed.
"pred3d_roundtrip" end time: Apr 09 10:38 W. Europe Daylight Time
"pred3d_roundtrip" time elapsed: 00:00:00
----------------------------------------------------------

12/15 Testing: dict1d_roundtrip
12/15 Test: dict1d_roundtrip
Command: "C:/Users/Gilles Colling/Documents/dev/tdc/build_release/Release/test_dict1d_roundtrip.exe"
Directory: C:/Users/Gilles Colling/documents/dev/tdc/build_release
"dict1d_roundtrip" start time: Apr 09 10:38 W. Europe Daylight Time
Output:
----------------------------------------------------------
test_dict1d_roundtrip
  [low cardinality] n=12 unique=4 side=47 residual=48 OK
  [all unique 600] n=600 unique=600 side=7812 residual=2400 OK
  [single row] n=1 unique=1 side=20 residual=4 OK
  [empty strings] n=5 unique=2 side=21 residual=20 OK
  [empty block] OK
  [rejections] OK
  [registry wiring] OK
ALL OK
<end of output>
Test time =   0.01 sec
----------------------------------------------------------
Test Passed.
"dict1d_roundtrip" end time: Apr 09 10:38 W. Europe Daylight Time
"dict1d_roundtrip" time elapsed: 00:00:00
----------------------------------------------------------

13/15 Testing: pipeline_roundtrip
13/15 Test: pipeline_roundtrip
Command: "C:/Users/Gilles Colling/Documents/dev/tdc/build_release/Release/test_pipeline_roundtrip.exe"
Directory: C:/Users/Gilles Colling/documents/dev/tdc/build_release
"pipeline_roundtrip" start time: Apr 09 10:38 W. Europe Daylight Time
Output:
----------------------------------------------------------
tdc_encode_block / tdc_decode_block round-trips:
  RAW + NONE | vec1d i32 n=16                                  OK  enc=144 bytes
  RAW + LZ2  | vec1d f64 n=256                                 OK  enc=1182 bytes
  RAW + LZ2  | vol3d u8 4x4x4                                  OK  enc=152 bytes
  RAW + LZ2  | vec1d i16 n=0 (empty)                           OK  enc=88 bytes
  DELTA1D + LZ2 | vec1d i32 n=4096 ramp                        OK  enc=99 bytes
  DELTA1D + ZIGZAG + BYTE_SHUFFLE + LZ2 | vec1d i16 n=1024     OK  enc=101 bytes
  PRED2D(PAETH) + BYTE_SHUFFLE + LZ2 | rast2d u16 64x64        OK  enc=114 bytes
  PRED2D(AUTO) + LZ2 | rast2d i16 32x32 neg-grad               OK  enc=110 bytes
  PLANE2D + BYTE_SHUFFLE + LZ2 | rast2d u16 96x64 (split planes, ts=32) OK  enc=126 bytes
  PLANE2D + LZ2 | rast2d i32 50x37 (unaligned, ts=16)          OK  enc=140 bytes
  RAW + QUANTIZE(i16) + LZ2 | vec1d f32 n=256 (TLV)            OK
  RAW + LZ2 | vec1d i32 n=64 + validity bitmap                 OK
  DICT_1D + BYTE_SHUFFLE + LZ2 | vec1d string n=16             OK  enc=154 bytes
rejection tests:
  decode rejects dtype mismatch                              OK
  decode rejects truncated src                               OK
  encode rejects unregistered model                          OK
test_pipeline_roundtrip: OK
<end of output>
Test time =   0.01 sec
----------------------------------------------------------
Test Passed.
"pipeline_roundtrip" end time: Apr 09 10:38 W. Europe Daylight Time
"pipeline_roundtrip" time elapsed: 00:00:00
----------------------------------------------------------

14/15 Testing: format_validate
14/15 Test: format_validate
Command: "C:/Users/Gilles Colling/Documents/dev/tdc/build_release/Release/test_format_validate.exe"
Directory: C:/Users/Gilles Colling/documents/dev/tdc/build_release
"format_validate" start time: Apr 09 10:38 W. Europe Daylight Time
Output:
----------------------------------------------------------
test_format_validate: ok
<end of output>
Test time =   0.01 sec
----------------------------------------------------------
Test Passed.
"format_validate" end time: Apr 09 10:38 W. Europe Daylight Time
"format_validate" time elapsed: 00:00:00
----------------------------------------------------------

15/15 Testing: bench_smoke
15/15 Test: bench_smoke
Command: "C:/Users/Gilles Colling/Documents/dev/tdc/build_release/Release/bench_throughput.exe" "--smoke"
Directory: C:/Users/Gilles Colling/documents/dev/tdc/build_release
"bench_smoke" start time: Apr 09 10:38 W. Europe Daylight Time
Output:
----------------------------------------------------------
tdc throughput bench --smoke (round-trip gate, tiny inputs)

pipeline                                                   block     raw MiB     enc MiB   ratio    enc MB/s    dec MB/s
--------------------------------------------------  ------------  ----------  ----------  ------  ----------  ----------
RAW + NONE                                          vec1d u8 16M        0.00        0.00    0.93x        96.7       212.3
RAW + LZ2                                           vec1d i32 4M (ramp)        0.00        0.00    0.92x        18.4      1220.7
RAW + BSHUF + LZ2                                   vec1d i32 4M (ramp)        0.00        0.00    2.74x        14.6       751.1
DELTA1D + LZ2                                       vec1d i32 4M (ramp)        0.00        0.00    9.94x        15.3      1084.9
DELTA1D+ZIGZAG+BSHUF+LZ2                            vec1d i16 8M (walk)        0.00        0.00    1.67x        15.0       976.8
DELTA1D+ZZ+BSHUF+HUFFMAN                            vec1d i16 8M (walk)        0.00        0.00    1.30x        78.8       263.9
DELTA1D+ZZ+BSHUF+FSE                                vec1d i16 8M (walk)        0.00        0.00    0.98x       120.6       184.3
DELTA1D+ZZ+BSHUF+LZ2+HUF                            vec1d i16 8M (walk)        0.00        0.00    1.49x        17.7       406.9
PRED2D(PAETH)+BSHUF+LZ2                             rast2d u16 2048x2048        0.00        0.00    1.10x         5.3       174.4
PLANE2D+BSHUF+LZ2                                   rast2d i32 1024x1024        0.00        0.00    4.15x        38.7      1220.7
<end of output>
Test time =   0.01 sec
----------------------------------------------------------
Test Passed.
"bench_smoke" end time: Apr 09 10:38 W. Europe Daylight Time
"bench_smoke" time elapsed: 00:00:00
----------------------------------------------------------

End testing: Apr 09 10:38 W. Europe Daylight Time
